2026-01-04 12:52:33,118 - __main__ - INFO - 3D-Scanner wird gestartet...
2026-01-04 12:52:34,846 - __main__ - INFO - Verfügbare Kameras gefunden: [0]
2026-01-04 12:52:37,200 - __main__ - INFO - go_next: Aktuelle Seite 0, scan_start=False
2026-01-04 12:52:37,201 - __main__ - INFO - Starte Bildaufnahme von allen Kameras
2026-01-04 12:52:38,620 - __main__ - INFO - Bild erfolgreich von Kamera 0 aufgenommen
2026-01-04 12:52:39,821 - __main__ - INFO - Bild erfolgreich von Kamera 0 aufgenommen
2026-01-04 12:52:40,986 - __main__ - INFO - Bild erfolgreich von Kamera 0 aufgenommen
2026-01-04 12:52:42,125 - __main__ - INFO - Bild erfolgreich von Kamera 0 aufgenommen
2026-01-04 12:52:44,111 - __main__ - INFO - go_next: Aktuelle Seite 1, scan_start=True
2026-01-04 12:52:44,150 - __main__ - ERROR - Gewichtsmodul nicht verfügbar: No module named 'board'
2026-01-04 12:52:44,151 - __main__ - INFO - Ergebnis von weight erhalten: Typ=<class 'str'>
2026-01-04 12:52:44,151 - __main__ - INFO - Gewicht: Undefiniert
2026-01-04 12:52:44,151 - __main__ - INFO - Barcodes vorhanden - aktualisiere GUI
2026-01-04 12:52:48,419 - __main__ - INFO - Sprache geändert zu: it
2026-01-04 12:52:48,626 - workers.BarCode_v02 - ERROR - Fehler beim Laden des YOLO-Modells: [Errno 2] No such file or directory: 'YOLOV8s_Barcode_Detection.pt'
2026-01-04 12:52:48,626 - __main__ - INFO - Analysiere Bild 0 (iso_Bild) auf Barcodes...
2026-01-04 12:52:48,626 - workers.BarCode_v02 - ERROR - YOLO-Modell nicht verfügbar
2026-01-04 12:52:48,626 - __main__ - INFO - Bild 0: Keine Barcodes erkannt
2026-01-04 12:52:48,626 - __main__ - INFO - Analysiere Bild 1 (top_Bild) auf Barcodes...
2026-01-04 12:52:48,626 - workers.BarCode_v02 - ERROR - YOLO-Modell nicht verfügbar
2026-01-04 12:52:48,627 - __main__ - INFO - Bild 1: Keine Barcodes erkannt
2026-01-04 12:52:48,627 - __main__ - INFO - Analysiere Bild 2 (right_Bild) auf Barcodes...
2026-01-04 12:52:48,627 - workers.BarCode_v02 - ERROR - YOLO-Modell nicht verfügbar
2026-01-04 12:52:48,627 - __main__ - INFO - Bild 2: Keine Barcodes erkannt
2026-01-04 12:52:48,627 - __main__ - INFO - Analysiere Bild 3 (behind_Bild) auf Barcodes...
2026-01-04 12:52:48,627 - workers.BarCode_v02 - ERROR - YOLO-Modell nicht verfügbar
2026-01-04 12:52:48,627 - __main__ - INFO - Bild 3: Keine Barcodes erkannt
2026-01-04 12:52:48,627 - __main__ - INFO - Insgesamt 0 Barcodes in 4 Bildern erkannt
2026-01-04 12:52:49,790 - __main__ - INFO - go_next: Aktuelle Seite 1, scan_start=True
2026-01-04 12:52:49,803 - __main__ - ERROR - Gewichtsmodul nicht verfügbar: No module named 'board'
2026-01-04 12:52:49,807 - __main__ - INFO - Ergebnis von weight erhalten: Typ=<class 'str'>
2026-01-04 12:52:49,807 - __main__ - INFO - Gewicht: Undefiniert
2026-01-04 12:52:49,807 - __main__ - INFO - Barcodes vorhanden - aktualisiere GUI
2026-01-04 12:52:50,190 - workers.BarCode_v02 - ERROR - Fehler beim Laden des YOLO-Modells: [Errno 2] No such file or directory: 'YOLOV8s_Barcode_Detection.pt'
2026-01-04 12:52:50,190 - __main__ - INFO - Analysiere Bild 0 (iso_Bild) auf Barcodes...
2026-01-04 12:52:50,190 - workers.BarCode_v02 - ERROR - YOLO-Modell nicht verfügbar
2026-01-04 12:52:50,190 - __main__ - INFO - Bild 0: Keine Barcodes erkannt
2026-01-04 12:52:50,192 - __main__ - INFO - Analysiere Bild 1 (top_Bild) auf Barcodes...
2026-01-04 12:52:50,192 - workers.BarCode_v02 - ERROR - YOLO-Modell nicht verfügbar
2026-01-04 12:52:50,192 - __main__ - INFO - Bild 1: Keine Barcodes erkannt
2026-01-04 12:52:50,192 - __main__ - INFO - Analysiere Bild 2 (right_Bild) auf Barcodes...
2026-01-04 12:52:50,192 - workers.BarCode_v02 - ERROR - YOLO-Modell nicht verfügbar
2026-01-04 12:52:50,192 - __main__ - INFO - Bild 2: Keine Barcodes erkannt
2026-01-04 12:52:50,193 - __main__ - INFO - Analysiere Bild 3 (behind_Bild) auf Barcodes...
2026-01-04 12:52:50,193 - workers.BarCode_v02 - ERROR - YOLO-Modell nicht verfügbar
2026-01-04 12:52:50,193 - __main__ - INFO - Bild 3: Keine Barcodes erkannt
2026-01-04 12:52:50,193 - __main__ - INFO - Insgesamt 0 Barcodes in 4 Bildern erkannt
2026-01-04 12:53:20,201 - __main__ - INFO - BoundingBox_Yolo03 erfolgreich importiert
2026-01-04 12:53:20,201 - __main__ - INFO - BoundingBox_Yolo03 erfolgreich importiert
2026-01-04 12:53:20,201 - __main__ - INFO - Verarbeite Bild 0 für YOLO-Erkennung
2026-01-04 12:53:20,201 - __main__ - INFO - Verarbeite Bild 0 für YOLO-Erkennung
2026-01-04 12:53:20,250 - __main__ - ERROR - Fehler bei YOLO-Erkennung Bild 0: bn
Traceback (most recent call last):
  File "c:\Users\grane\Felix_Schule\Diplomarbeit\3D_Scanner\Python_Files\_Prototyp_exe\Interface_v08.py", line 337, in run_yolo_detection
    boxes_info = yolo_module.get_boxes_and_dimensions(frame_rgb)
  File "c:\Users\grane\Felix_Schule\Diplomarbeit\3D_Scanner\Python_Files\_Prototyp_exe\workers\BoundingBox_Yolo03.py", line 17, in get_boxes_and_dimensions
    results = model.predict(frame, imgsz=imgsz)[0]
  File "C:\Users\grane\AppData\Local\Programs\Python\Python310\lib\site-packages\ultralytics\engine\model.py", line 550, in predict
    self.predictor.setup_model(model=self.model, verbose=is_cli)
  File "C:\Users\grane\AppData\Local\Programs\Python\Python310\lib\site-packages\ultralytics\engine\predictor.py", line 397, in setup_model
    self.model = AutoBackend(
  File "C:\Users\grane\AppData\Local\Programs\Python\Python310\lib\site-packages\torch\utils\_contextlib.py", line 120, in decorate_context
    return func(*args, **kwargs)
  File "C:\Users\grane\AppData\Local\Programs\Python\Python310\lib\site-packages\ultralytics\nn\autobackend.py", line 203, in __init__
    model = model.fuse(verbose=verbose)
  File "C:\Users\grane\AppData\Local\Programs\Python\Python310\lib\site-packages\ultralytics\nn\tasks.py", line 238, in fuse
    delattr(m, "bn")  # remove batchnorm
  File "C:\Users\grane\AppData\Local\Programs\Python\Python310\lib\site-packages\torch\nn\modules\module.py", line 2077, in __delattr__
    super().__delattr__(name)
AttributeError: bn
2026-01-04 12:53:20,416 - __main__ - INFO - Verarbeite Bild 1 für YOLO-Erkennung
2026-01-04 12:53:24,307 - __main__ - INFO - Bild 0: YOLO erkannt - 339 x 310
2026-01-04 12:53:24,318 - __main__ - INFO - Verarbeite Bild 1 für YOLO-Erkennung
2026-01-04 12:53:26,318 - __main__ - INFO - Bild 1: YOLO erkannt - 405 x 325
2026-01-04 12:53:26,319 - __main__ - INFO - Verarbeite Bild 2 für YOLO-Erkennung
2026-01-04 12:53:28,205 - __main__ - INFO - Bild 1: YOLO erkannt - 405 x 325
2026-01-04 12:53:28,207 - __main__ - INFO - Verarbeite Bild 2 für YOLO-Erkennung
2026-01-04 12:53:30,029 - __main__ - INFO - Bild 2: YOLO erkannt - 340 x 346
2026-01-04 12:53:30,030 - __main__ - INFO - Verarbeite Bild 3 für YOLO-Erkennung
2026-01-04 12:53:31,865 - __main__ - INFO - Bild 2: YOLO erkannt - 340 x 346
2026-01-04 12:53:31,866 - __main__ - INFO - Verarbeite Bild 3 für YOLO-Erkennung
2026-01-04 12:53:33,740 - __main__ - INFO - Bild 3: YOLO erkannt - 321 x 296
2026-01-04 12:53:33,741 - __main__ - INFO - YOLO-Erkennung abgeschlossen. Dimensionen: ['0 x 0', '405 x 325', '340 x 346', '321 x 296']
2026-01-04 12:53:33,742 - __main__ - INFO - Ergebnis von Abmessung erhalten: Typ=<class 'list'>
2026-01-04 12:53:33,742 - __main__ - INFO - Abmessungen erhalten: ['0 x 0', '405 x 325', '340 x 346', '321 x 296']
2026-01-04 12:53:33,743 - __main__ - INFO - Gesamt-Abmessung berechnet: 405 x 405 x 325
2026-01-04 12:53:33,743 - __main__ - INFO - Barcodes vorhanden - aktualisiere GUI
2026-01-04 12:53:33,909 - __main__ - INFO - Ergebnis von yolo_frames erhalten: Typ=<class 'list'>
2026-01-04 12:53:33,911 - __main__ - INFO - Erhalte 4 annotierte Frames
2026-01-04 12:53:33,912 - __main__ - INFO - YOLO-Frames vorhanden - aktualisiere Bilder in GUI
2026-01-04 12:53:34,072 - __main__ - INFO - Alle Tasks fertig
2026-01-04 12:53:35,751 - __main__ - INFO - Bild 3: YOLO erkannt - 321 x 296
2026-01-04 12:53:35,752 - __main__ - INFO - YOLO-Erkennung abgeschlossen. Dimensionen: ['339 x 310', '405 x 325', '340 x 346', '321 x 296']
2026-01-04 12:53:42,800 - __main__ - INFO - go_next: Aktuelle Seite 2, scan_start=False
2026-01-04 12:53:48,135 - __main__ - INFO - Daten gespeichert: 0 EANs, 0 Artikelnummern
2026-01-04 13:01:39,476 - __main__ - INFO - 3D-Scanner wird gestartet...
2026-01-04 13:01:40,676 - __main__ - INFO - Verfügbare Kameras gefunden: [0]
2026-01-04 13:01:41,817 - __main__ - INFO - go_next: Aktuelle Seite 0, scan_start=False
2026-01-04 13:01:41,817 - __main__ - INFO - Starte Bildaufnahme von allen Kameras
2026-01-04 13:01:43,022 - __main__ - INFO - Bild erfolgreich von Kamera 0 aufgenommen
2026-01-04 13:01:44,173 - __main__ - INFO - Bild erfolgreich von Kamera 0 aufgenommen
2026-01-04 13:01:45,313 - __main__ - INFO - Bild erfolgreich von Kamera 0 aufgenommen
2026-01-04 13:01:46,526 - __main__ - INFO - Bild erfolgreich von Kamera 0 aufgenommen
2026-01-04 13:01:47,632 - __main__ - INFO - go_next: Aktuelle Seite 1, scan_start=True
2026-01-04 13:01:47,650 - __main__ - ERROR - Gewichtsmodul nicht verfügbar: No module named 'board'
2026-01-04 13:01:47,651 - __main__ - INFO - Ergebnis von weight erhalten: Typ=<class 'str'>
2026-01-04 13:01:47,651 - __main__ - INFO - Gewicht: Undefiniert
2026-01-04 13:01:47,652 - __main__ - INFO - Barcodes vorhanden - aktualisiere GUI
2026-01-04 13:01:49,621 - __main__ - INFO - BoundingBox_Yolo03 erfolgreich importiert
2026-01-04 13:01:49,623 - __main__ - INFO - Verarbeite Bild 0 für YOLO-Erkennung
2026-01-04 13:01:50,069 - workers.BarCode_v02 - ERROR - Fehler beim Laden des YOLO-Modells: [Errno 2] No such file or directory: 'YOLOV8s_Barcode_Detection.pt'
2026-01-04 13:01:50,070 - __main__ - INFO - Analysiere Bild 0 (iso_Bild) auf Barcodes...
2026-01-04 13:01:50,071 - workers.BarCode_v02 - ERROR - YOLO-Modell nicht verfügbar
2026-01-04 13:01:50,071 - __main__ - INFO - Bild 0: Keine Barcodes erkannt
2026-01-04 13:01:50,071 - __main__ - INFO - Analysiere Bild 1 (top_Bild) auf Barcodes...
2026-01-04 13:01:50,071 - workers.BarCode_v02 - ERROR - YOLO-Modell nicht verfügbar
2026-01-04 13:01:50,072 - __main__ - INFO - Bild 1: Keine Barcodes erkannt
2026-01-04 13:01:50,072 - __main__ - INFO - Analysiere Bild 2 (right_Bild) auf Barcodes...
2026-01-04 13:01:50,072 - workers.BarCode_v02 - ERROR - YOLO-Modell nicht verfügbar
2026-01-04 13:01:50,072 - __main__ - INFO - Bild 2: Keine Barcodes erkannt
2026-01-04 13:01:50,073 - __main__ - INFO - Analysiere Bild 3 (behind_Bild) auf Barcodes...
2026-01-04 13:01:50,073 - workers.BarCode_v02 - ERROR - YOLO-Modell nicht verfügbar
2026-01-04 13:01:50,073 - __main__ - INFO - Bild 3: Keine Barcodes erkannt
2026-01-04 13:01:50,073 - __main__ - INFO - Insgesamt 0 Barcodes in 4 Bildern erkannt
2026-01-04 13:01:51,696 - __main__ - INFO - Bild 0: YOLO erkannt - 342 x 239
2026-01-04 13:01:51,697 - __main__ - INFO - Verarbeite Bild 1 für YOLO-Erkennung
2026-01-04 13:01:53,540 - __main__ - INFO - Bild 1: YOLO erkannt - 399 x 317
2026-01-04 13:01:53,541 - __main__ - INFO - Verarbeite Bild 2 für YOLO-Erkennung
2026-01-04 13:01:55,405 - __main__ - INFO - Bild 2: YOLO erkannt - 399 x 317
2026-01-04 13:01:55,406 - __main__ - INFO - Verarbeite Bild 3 für YOLO-Erkennung
2026-01-04 13:01:57,264 - __main__ - INFO - Bild 3: YOLO erkannt - 400 x 317
2026-01-04 13:01:57,264 - __main__ - INFO - YOLO-Erkennung abgeschlossen. Dimensionen: ['342 x 239', '399 x 317', '399 x 317', '400 x 317']
2026-01-04 13:01:57,266 - __main__ - INFO - Ergebnis von Abmessung erhalten: Typ=<class 'list'>
2026-01-04 13:01:57,266 - __main__ - INFO - Abmessungen erhalten: ['342 x 239', '399 x 317', '399 x 317', '400 x 317']
2026-01-04 13:01:57,266 - __main__ - INFO - Gesamt-Abmessung berechnet: 342 x 342 x 239
2026-01-04 13:01:57,266 - __main__ - INFO - Barcodes vorhanden - aktualisiere GUI
2026-01-04 13:01:57,326 - __main__ - INFO - Ergebnis von yolo_frames erhalten: Typ=<class 'list'>
2026-01-04 13:01:57,326 - __main__ - INFO - Erhalte 4 annotierte Frames
2026-01-04 13:01:57,327 - __main__ - INFO - YOLO-Frames vorhanden - aktualisiere Bilder in GUI
2026-01-04 13:01:57,384 - __main__ - INFO - Alle Tasks fertig
2026-01-04 13:01:59,761 - __main__ - INFO - go_next: Aktuelle Seite 2, scan_start=False
2026-01-04 14:19:54,826 - __main__ - INFO - 3D-Scanner wird gestartet...
2026-01-04 14:19:56,407 - __main__ - INFO - Verfügbare Kameras gefunden: [0]
2026-01-04 14:19:59,492 - __main__ - INFO - go_next: Aktuelle Seite 0, scan_start=False
2026-01-04 14:19:59,493 - __main__ - INFO - Starte Bildaufnahme von allen Kameras
2026-01-04 14:20:00,765 - __main__ - INFO - Bild erfolgreich von Kamera 0 aufgenommen
2026-01-04 14:20:01,960 - __main__ - INFO - Bild erfolgreich von Kamera 0 aufgenommen
2026-01-04 14:20:03,181 - __main__ - INFO - Bild erfolgreich von Kamera 0 aufgenommen
2026-01-04 14:20:04,337 - __main__ - INFO - Bild erfolgreich von Kamera 0 aufgenommen
2026-01-04 14:20:06,844 - __main__ - INFO - go_next: Aktuelle Seite 1, scan_start=True
2026-01-04 14:20:06,875 - __main__ - ERROR - Gewichtsmodul nicht verfügbar: No module named 'board'
2026-01-04 14:20:06,875 - __main__ - INFO - Ergebnis von weight erhalten: Typ=<class 'str'>
2026-01-04 14:20:06,875 - __main__ - INFO - Gewicht: Undefiniert
2026-01-04 14:20:06,876 - __main__ - INFO - Barcodes vorhanden - aktualisiere GUI
2026-01-04 14:20:10,116 - __main__ - INFO - BoundingBox_Yolo03 erfolgreich importiert
2026-01-04 14:20:10,117 - __main__ - INFO - Verarbeite Bild 0 für YOLO-Erkennung
2026-01-04 14:20:10,817 - workers.BarCode_v02 - ERROR - Fehler beim Laden des YOLO-Modells: [Errno 2] No such file or directory: 'YOLOV8s_Barcode_Detection.pt'
2026-01-04 14:20:10,818 - __main__ - INFO - Analysiere Bild 0 (iso_Bild) auf Barcodes...
2026-01-04 14:20:10,818 - workers.BarCode_v02 - ERROR - YOLO-Modell nicht verfügbar
2026-01-04 14:20:10,818 - __main__ - INFO - Bild 0: Keine Barcodes erkannt
2026-01-04 14:20:10,818 - __main__ - INFO - Analysiere Bild 1 (top_Bild) auf Barcodes...
2026-01-04 14:20:10,818 - workers.BarCode_v02 - ERROR - YOLO-Modell nicht verfügbar
2026-01-04 14:20:10,818 - __main__ - INFO - Bild 1: Keine Barcodes erkannt
2026-01-04 14:20:10,818 - __main__ - INFO - Analysiere Bild 2 (right_Bild) auf Barcodes...
2026-01-04 14:20:10,818 - workers.BarCode_v02 - ERROR - YOLO-Modell nicht verfügbar
2026-01-04 14:20:10,819 - __main__ - INFO - Bild 2: Keine Barcodes erkannt
2026-01-04 14:20:10,819 - __main__ - INFO - Analysiere Bild 3 (behind_Bild) auf Barcodes...
2026-01-04 14:20:10,819 - workers.BarCode_v02 - ERROR - YOLO-Modell nicht verfügbar
2026-01-04 14:20:10,819 - __main__ - INFO - Bild 3: Keine Barcodes erkannt
2026-01-04 14:20:10,819 - __main__ - INFO - Insgesamt 0 Barcodes in 4 Bildern erkannt
2026-01-04 14:20:12,214 - __main__ - INFO - Bild 0: YOLO erkannt - 314 x 249
2026-01-04 14:20:12,216 - __main__ - INFO - Verarbeite Bild 1 für YOLO-Erkennung
2026-01-04 14:20:14,101 - __main__ - INFO - Bild 1: YOLO erkannt - 320 x 249
2026-01-04 14:20:14,102 - __main__ - INFO - Verarbeite Bild 2 für YOLO-Erkennung
2026-01-04 14:20:15,949 - __main__ - INFO - Bild 2: YOLO erkannt - 128 x 240
2026-01-04 14:20:15,950 - __main__ - INFO - Verarbeite Bild 3 für YOLO-Erkennung
2026-01-04 14:20:17,790 - __main__ - INFO - Bild 3: YOLO erkannt - 69 x 159
2026-01-04 14:20:17,790 - __main__ - INFO - YOLO-Erkennung abgeschlossen. Dimensionen: ['314 x 249', '320 x 249', '128 x 240', '69 x 159']
2026-01-04 14:20:17,791 - __main__ - INFO - Ergebnis von Abmessung erhalten: Typ=<class 'list'>
2026-01-04 14:20:17,791 - __main__ - INFO - Abmessungen erhalten: ['314 x 249', '320 x 249', '128 x 240', '69 x 159']
2026-01-04 14:20:17,791 - __main__ - INFO - Gesamt-Abmessung berechnet: 314 x 314 x 249
2026-01-04 14:20:17,792 - __main__ - INFO - Barcodes vorhanden - aktualisiere GUI
2026-01-04 14:20:17,864 - __main__ - INFO - Ergebnis von yolo_frames erhalten: Typ=<class 'list'>
2026-01-04 14:20:17,864 - __main__ - INFO - Erhalte 4 annotierte Frames
2026-01-04 14:20:17,864 - __main__ - INFO - YOLO-Frames vorhanden - aktualisiere Bilder in GUI
2026-01-04 14:20:17,936 - __main__ - INFO - Alle Tasks fertig
2026-01-04 14:20:21,386 - __main__ - INFO - go_next: Aktuelle Seite 2, scan_start=False
2026-01-04 14:23:22,256 - __main__ - INFO - 3D-Scanner wird gestartet...
2026-01-04 14:23:23,523 - __main__ - INFO - Verfügbare Kameras gefunden: [0]
2026-01-04 14:23:24,751 - __main__ - INFO - go_next: Aktuelle Seite 0, scan_start=False
2026-01-04 14:23:24,751 - __main__ - INFO - Starte Bildaufnahme von allen Kameras
2026-01-04 14:23:25,988 - __main__ - INFO - Bild erfolgreich von Kamera 0 aufgenommen
2026-01-04 14:23:27,143 - __main__ - INFO - Bild erfolgreich von Kamera 0 aufgenommen
2026-01-04 14:23:28,392 - __main__ - INFO - Bild erfolgreich von Kamera 0 aufgenommen
2026-01-04 14:23:29,608 - __main__ - INFO - Bild erfolgreich von Kamera 0 aufgenommen
2026-01-04 14:23:33,333 - __main__ - INFO - go_next: Aktuelle Seite 1, scan_start=True
2026-01-04 14:23:33,350 - __main__ - ERROR - Gewichtsmodul nicht verfügbar: No module named 'board'
2026-01-04 14:23:33,350 - __main__ - INFO - Ergebnis von weight erhalten: Typ=<class 'str'>
2026-01-04 14:23:33,350 - __main__ - INFO - Gewicht: Undefiniert
2026-01-04 14:23:33,351 - __main__ - INFO - Barcodes vorhanden - aktualisiere GUI
2026-01-04 14:23:35,141 - __main__ - INFO - BoundingBox_Yolo03 erfolgreich importiert
2026-01-04 14:23:35,142 - __main__ - INFO - Verarbeite Bild 0 für YOLO-Erkennung
2026-01-04 14:23:35,188 - workers.BarCode_v02 - INFO - YOLO-Modell geladen von models/YOLOV8s_Barcode_Detection.pt
2026-01-04 14:23:35,188 - __main__ - INFO - Analysiere Bild 0 (iso_Bild) auf Barcodes...
2026-01-04 14:23:37,457 - __main__ - INFO - Bild 0: YOLO erkannt - 289 x 272
2026-01-04 14:23:37,458 - __main__ - INFO - Verarbeite Bild 1 für YOLO-Erkennung
2026-01-04 14:23:38,026 - workers.BarCode_v02 - INFO - Bild 0: 0 Barcode(s) erkannt
2026-01-04 14:23:38,027 - __main__ - INFO - Bild 0: Keine Barcodes erkannt
2026-01-04 14:23:38,028 - __main__ - INFO - Analysiere Bild 1 (top_Bild) auf Barcodes...
2026-01-04 14:23:39,391 - __main__ - INFO - Bild 1: YOLO erkannt - 67 x 148
2026-01-04 14:23:39,392 - __main__ - INFO - Verarbeite Bild 2 für YOLO-Erkennung
2026-01-04 14:23:41,252 - __main__ - INFO - Bild 2: YOLO erkannt - 67 x 148
2026-01-04 14:23:41,253 - __main__ - INFO - Verarbeite Bild 3 für YOLO-Erkennung
2026-01-04 14:23:41,631 - workers.BarCode_v02 - INFO - Bild 1: 0 Barcode(s) erkannt
2026-01-04 14:23:41,631 - __main__ - INFO - Bild 1: Keine Barcodes erkannt
2026-01-04 14:23:41,632 - __main__ - INFO - Analysiere Bild 2 (right_Bild) auf Barcodes...
2026-01-04 14:23:41,861 - workers.BarCode_v02 - INFO - Barcode erkannt in Bild 2: 0123456789012 (Typ: EAN13)
2026-01-04 14:23:41,861 - workers.BarCode_v02 - INFO - Bild 2: 1 Barcode(s) erkannt
2026-01-04 14:23:41,861 - __main__ - INFO - Bild 2: 1 Barcode(s) erkannt
2026-01-04 14:23:41,862 - __main__ - INFO - Analysiere Bild 3 (behind_Bild) auf Barcodes...
2026-01-04 14:23:42,171 - workers.BarCode_v02 - INFO - Barcode erkannt in Bild 3: 0123456789012 (Typ: EAN13)
2026-01-04 14:23:42,184 - workers.BarCode_v02 - INFO - Barcode erkannt in Bild 3: 9312345678907 (Typ: EAN13)
2026-01-04 14:23:42,186 - workers.BarCode_v02 - INFO - Bild 3: 2 Barcode(s) erkannt
2026-01-04 14:23:42,186 - __main__ - INFO - Bild 3: 2 Barcode(s) erkannt
2026-01-04 14:23:42,187 - __main__ - INFO - Insgesamt 3 Barcodes in 4 Bildern erkannt
2026-01-04 14:23:42,189 - __main__ - INFO - Ergebnis von barcode erhalten: Typ=<class 'dict'>
2026-01-04 14:23:42,193 - __main__ - INFO - Barcode-Daten empfangen: {'found': True, 'value': '0123456789012', 'type': 'EAN13', 'image_index': 2, 'cropped_image': array([[[192, 205, 219],
        [193, 206, 220],
        [195, 208, 222],
        ...,
        [185, 200, 206],
        [185, 200, 206],
        [184, 199, 205]],

       [[192, 205, 219],
        [193, 206, 220],
        [193, 206, 220],
        ...,
        [184, 201, 206],
        [185, 202, 207],
        [184, 201, 206]],

       [[192, 205, 219],
        [192, 205, 219],
        [193, 206, 220],
        ...,
        [184, 201, 206],
        [184, 201, 206],
        [184, 201, 206]],

       ...,

       [[146, 146, 157],
        [154, 158, 170],
        [165, 169, 181],
        ...,
        [172, 190, 202],
        [172, 190, 202],
        [176, 190, 199]],

       [[120, 115, 125],
        [123, 122, 129],
        [137, 136, 143],
        ...,
        [175, 190, 203],
        [175, 190, 203],
        [178, 189, 199]],

       [[112, 107, 117],
        [102, 101, 108],
        [108, 107, 114],
        ...,
        [175, 190, 203],
        [175, 190, 203],
        [178, 189, 199]]], dtype=uint8)}
2026-01-04 14:23:42,195 - __main__ - INFO - Barcode gespeichert: 0123456789012
2026-01-04 14:23:42,197 - __main__ - INFO - Barcodes vorhanden - aktualisiere GUI
2026-01-04 14:23:42,314 - __main__ - INFO - Ergebnis von barcode erhalten: Typ=<class 'dict'>
2026-01-04 14:23:42,315 - __main__ - INFO - Barcode-Daten empfangen: {'found': True, 'value': '0123456789012', 'type': 'EAN13', 'image_index': 3, 'cropped_image': array([[[189, 195, 211],
        [189, 195, 211],
        [189, 195, 211],
        ...,
        [175, 185, 192],
        [175, 185, 192],
        [176, 186, 193]],

       [[189, 195, 211],
        [189, 195, 211],
        [189, 195, 211],
        ...,
        [175, 185, 192],
        [176, 186, 193],
        [176, 186, 193]],

       [[189, 195, 211],
        [189, 195, 211],
        [189, 195, 211],
        ...,
        [175, 185, 192],
        [176, 186, 193],
        [176, 186, 193]],

       ...,

       [[143, 148, 155],
        [110, 115, 122],
        [100, 105, 112],
        ...,
        [169, 186, 191],
        [168, 185, 190],
        [167, 184, 189]],

       [[148, 163, 178],
        [116, 131, 146],
        [ 98, 103,  93],
        ...,
        [166, 185, 192],
        [166, 185, 192],
        [167, 186, 193]],

       [[159, 174, 189],
        [125, 140, 155],
        [ 99, 104,  94],
        ...,
        [166, 185, 192],
        [166, 185, 192],
        [166, 185, 192]]], dtype=uint8)}
2026-01-04 14:23:42,318 - __main__ - INFO - Barcode gespeichert: 0123456789012
2026-01-04 14:23:42,322 - __main__ - INFO - Barcodes vorhanden - aktualisiere GUI
2026-01-04 14:23:42,457 - __main__ - INFO - Ergebnis von barcode erhalten: Typ=<class 'dict'>
2026-01-04 14:23:42,458 - __main__ - INFO - Barcode-Daten empfangen: {'found': True, 'value': '9312345678907', 'type': 'EAN13', 'image_index': 3, 'cropped_image': array([[[ 16,  10,  10],
        [ 15,  11,  10],
        [ 15,  11,  10],
        ...,
        [ 25,  25,  34],
        [ 25,  25,  34],
        [ 26,  26,  35]],

       [[ 16,  10,  10],
        [ 15,  11,  10],
        [ 15,  11,  10],
        ...,
        [ 25,  25,  34],
        [ 25,  25,  34],
        [ 25,  25,  34]],

       [[ 16,  10,  12],
        [ 16,  10,  10],
        [ 16,  10,  10],
        ...,
        [ 24,  24,  33],
        [ 25,  25,  36],
        [ 26,  26,  37]],

       ...,

       [[ 16,  12,  11],
        [ 18,  14,  13],
        [ 18,  14,  13],
        ...,
        [127, 139, 160],
        [129, 138, 160],
        [130, 139, 161]],

       [[ 16,  12,  11],
        [ 18,  14,  13],
        [ 18,  14,  13],
        ...,
        [127, 139, 160],
        [130, 139, 161],
        [131, 140, 162]],

       [[ 16,  12,  11],
        [ 18,  14,  13],
        [ 18,  14,  13],
        ...,
        [128, 141, 159],
        [130, 139, 161],
        [130, 139, 161]]], dtype=uint8)}
2026-01-04 14:23:42,459 - __main__ - INFO - Barcode gespeichert: 9312345678907
2026-01-04 14:23:42,459 - __main__ - INFO - Barcodes vorhanden - aktualisiere GUI
2026-01-04 14:23:43,288 - __main__ - INFO - Bild 3: YOLO erkannt - 67 x 150
2026-01-04 14:23:43,288 - __main__ - INFO - YOLO-Erkennung abgeschlossen. Dimensionen: ['289 x 272', '67 x 148', '67 x 148', '67 x 150']
2026-01-04 14:23:43,290 - __main__ - INFO - Ergebnis von Abmessung erhalten: Typ=<class 'list'>
2026-01-04 14:23:43,290 - __main__ - INFO - Abmessungen erhalten: ['289 x 272', '67 x 148', '67 x 148', '67 x 150']
2026-01-04 14:23:43,290 - __main__ - INFO - Gesamt-Abmessung berechnet: 289 x 289 x 272
2026-01-04 14:23:43,291 - __main__ - INFO - Barcodes vorhanden - aktualisiere GUI
2026-01-04 14:23:43,339 - __main__ - INFO - Ergebnis von yolo_frames erhalten: Typ=<class 'list'>
2026-01-04 14:23:43,339 - __main__ - INFO - Erhalte 4 annotierte Frames
2026-01-04 14:23:43,340 - __main__ - INFO - YOLO-Frames vorhanden - aktualisiere Bilder in GUI
2026-01-04 14:23:43,386 - __main__ - INFO - Alle Tasks fertig
2026-01-04 14:23:46,249 - __main__ - INFO - go_next: Aktuelle Seite 2, scan_start=False
2026-01-04 14:23:57,367 - __main__ - INFO - go_back: Aktuelle Seite 3, scan_start=False
2026-01-04 14:23:57,908 - __main__ - INFO - go_back: Aktuelle Seite 2, scan_start=False
2026-01-04 14:23:57,909 - __main__ - INFO - Zurück zur Foto-Auswahl: scan_start=True gesetzt
2026-01-04 14:24:01,461 - __main__ - INFO - Wiederhole Bild 1
2026-01-04 14:24:02,775 - __main__ - INFO - Bild erfolgreich von Kamera 0 aufgenommen
2026-01-04 14:24:05,991 - __main__ - INFO - go_next: Aktuelle Seite 1, scan_start=True
2026-01-04 14:24:05,996 - __main__ - INFO - BoundingBox_Yolo03 erfolgreich importiert
2026-01-04 14:24:05,997 - __main__ - INFO - Verarbeite Bild 0 für YOLO-Erkennung
2026-01-04 14:24:06,012 - __main__ - ERROR - Gewichtsmodul nicht verfügbar: No module named 'board'
2026-01-04 14:24:06,028 - __main__ - INFO - Ergebnis von weight erhalten: Typ=<class 'str'>
2026-01-04 14:24:06,031 - __main__ - INFO - Gewicht: Undefiniert
2026-01-04 14:24:06,033 - __main__ - INFO - YOLO-Frames vorhanden - aktualisiere Bilder in GUI
2026-01-04 14:24:06,229 - workers.BarCode_v02 - INFO - YOLO-Modell geladen von models/YOLOV8s_Barcode_Detection.pt
2026-01-04 14:24:06,230 - __main__ - INFO - Analysiere Bild 0 (iso_Bild) auf Barcodes...
2026-01-04 14:24:06,623 - workers.BarCode_v02 - INFO - Barcode erkannt in Bild 0: 0123456789012 (Typ: EAN13)
2026-01-04 14:24:06,624 - workers.BarCode_v02 - INFO - Bild 0: 1 Barcode(s) erkannt
2026-01-04 14:24:06,624 - __main__ - INFO - Bild 0: 1 Barcode(s) erkannt
2026-01-04 14:24:06,624 - __main__ - INFO - Analysiere Bild 1 (top_Bild) auf Barcodes...
2026-01-04 14:24:08,068 - __main__ - INFO - Bild 0: YOLO erkannt - 65 x 148
2026-01-04 14:24:08,068 - __main__ - INFO - Verarbeite Bild 1 für YOLO-Erkennung
2026-01-04 14:24:09,947 - __main__ - INFO - Bild 1: YOLO erkannt - 67 x 148
2026-01-04 14:24:09,948 - __main__ - INFO - Verarbeite Bild 2 für YOLO-Erkennung
2026-01-04 14:24:10,269 - workers.BarCode_v02 - INFO - Bild 1: 0 Barcode(s) erkannt
2026-01-04 14:24:10,270 - __main__ - INFO - Bild 1: Keine Barcodes erkannt
2026-01-04 14:24:10,270 - __main__ - INFO - Analysiere Bild 2 (right_Bild) auf Barcodes...
2026-01-04 14:24:10,476 - workers.BarCode_v02 - INFO - Barcode erkannt in Bild 2: 0123456789012 (Typ: EAN13)
2026-01-04 14:24:10,476 - workers.BarCode_v02 - INFO - Bild 2: 1 Barcode(s) erkannt
2026-01-04 14:24:10,476 - __main__ - INFO - Bild 2: 1 Barcode(s) erkannt
2026-01-04 14:24:10,477 - __main__ - INFO - Analysiere Bild 3 (behind_Bild) auf Barcodes...
2026-01-04 14:24:10,751 - workers.BarCode_v02 - INFO - Barcode erkannt in Bild 3: 0123456789012 (Typ: EAN13)
2026-01-04 14:24:10,767 - workers.BarCode_v02 - INFO - Barcode erkannt in Bild 3: 9312345678907 (Typ: EAN13)
2026-01-04 14:24:10,767 - workers.BarCode_v02 - INFO - Bild 3: 2 Barcode(s) erkannt
2026-01-04 14:24:10,767 - __main__ - INFO - Bild 3: 2 Barcode(s) erkannt
2026-01-04 14:24:10,769 - __main__ - INFO - Insgesamt 4 Barcodes in 4 Bildern erkannt
2026-01-04 14:24:10,770 - __main__ - INFO - Ergebnis von barcode erhalten: Typ=<class 'dict'>
2026-01-04 14:24:10,771 - __main__ - INFO - Barcode-Daten empfangen: {'found': True, 'value': '0123456789012', 'type': 'EAN13', 'image_index': 0, 'cropped_image': array([[[196, 209, 223],
        [196, 209, 223],
        [197, 210, 224],
        ...,
        [185, 197, 204],
        [185, 197, 204],
        [185, 197, 204]],

       [[197, 210, 224],
        [197, 210, 224],
        [197, 210, 224],
        ...,
        [185, 197, 204],
        [185, 197, 204],
        [185, 197, 204]],

       [[197, 210, 224],
        [197, 210, 224],
        [197, 210, 224],
        ...,
        [185, 197, 204],
        [185, 197, 204],
        [185, 197, 204]],

       ...,

       [[108, 114, 130],
        [118, 126, 132],
        [152, 160, 166],
        ...,
        [182, 196, 205],
        [182, 196, 205],
        [182, 196, 207]],

       [[102, 108, 124],
        [124, 132, 138],
        [156, 164, 170],
        ...,
        [183, 197, 206],
        [182, 196, 205],
        [182, 196, 207]],

       [[111, 110, 108],
        [142, 146, 145],
        [170, 174, 173],
        ...,
        [183, 197, 208],
        [181, 195, 206],
        [179, 193, 204]]], dtype=uint8)}
2026-01-04 14:24:10,771 - __main__ - INFO - Barcode gespeichert: 0123456789012
2026-01-04 14:24:10,772 - __main__ - INFO - YOLO-Frames vorhanden - aktualisiere Bilder in GUI
2026-01-04 14:24:10,929 - __main__ - INFO - Ergebnis von barcode erhalten: Typ=<class 'dict'>
2026-01-04 14:24:10,931 - __main__ - INFO - Barcode-Daten empfangen: {'found': True, 'value': '0123456789012', 'type': 'EAN13', 'image_index': 2, 'cropped_image': array([[[192, 205, 219],
        [193, 206, 220],
        [195, 208, 222],
        ...,
        [185, 200, 206],
        [185, 200, 206],
        [184, 199, 205]],

       [[192, 205, 219],
        [193, 206, 220],
        [193, 206, 220],
        ...,
        [184, 201, 206],
        [185, 202, 207],
        [184, 201, 206]],

       [[192, 205, 219],
        [192, 205, 219],
        [193, 206, 220],
        ...,
        [184, 201, 206],
        [184, 201, 206],
        [184, 201, 206]],

       ...,

       [[146, 146, 157],
        [154, 158, 170],
        [165, 169, 181],
        ...,
        [172, 190, 202],
        [172, 190, 202],
        [176, 190, 199]],

       [[120, 115, 125],
        [123, 122, 129],
        [137, 136, 143],
        ...,
        [175, 190, 203],
        [175, 190, 203],
        [178, 189, 199]],

       [[112, 107, 117],
        [102, 101, 108],
        [108, 107, 114],
        ...,
        [175, 190, 203],
        [175, 190, 203],
        [178, 189, 199]]], dtype=uint8)}
2026-01-04 14:24:10,932 - __main__ - INFO - Barcode gespeichert: 0123456789012
2026-01-04 14:24:10,932 - __main__ - INFO - YOLO-Frames vorhanden - aktualisiere Bilder in GUI
2026-01-04 14:24:11,042 - __main__ - INFO - Ergebnis von barcode erhalten: Typ=<class 'dict'>
2026-01-04 14:24:11,046 - __main__ - INFO - Barcode-Daten empfangen: {'found': True, 'value': '0123456789012', 'type': 'EAN13', 'image_index': 3, 'cropped_image': array([[[189, 195, 211],
        [189, 195, 211],
        [189, 195, 211],
        ...,
        [175, 185, 192],
        [175, 185, 192],
        [176, 186, 193]],

       [[189, 195, 211],
        [189, 195, 211],
        [189, 195, 211],
        ...,
        [175, 185, 192],
        [176, 186, 193],
        [176, 186, 193]],

       [[189, 195, 211],
        [189, 195, 211],
        [189, 195, 211],
        ...,
        [175, 185, 192],
        [176, 186, 193],
        [176, 186, 193]],

       ...,

       [[143, 148, 155],
        [110, 115, 122],
        [100, 105, 112],
        ...,
        [169, 186, 191],
        [168, 185, 190],
        [167, 184, 189]],

       [[148, 163, 178],
        [116, 131, 146],
        [ 98, 103,  93],
        ...,
        [166, 185, 192],
        [166, 185, 192],
        [167, 186, 193]],

       [[159, 174, 189],
        [125, 140, 155],
        [ 99, 104,  94],
        ...,
        [166, 185, 192],
        [166, 185, 192],
        [166, 185, 192]]], dtype=uint8)}
2026-01-04 14:24:11,047 - __main__ - INFO - Barcode gespeichert: 0123456789012
2026-01-04 14:24:11,048 - __main__ - INFO - YOLO-Frames vorhanden - aktualisiere Bilder in GUI
2026-01-04 14:24:11,150 - __main__ - INFO - Ergebnis von barcode erhalten: Typ=<class 'dict'>
2026-01-04 14:24:11,151 - __main__ - INFO - Barcode-Daten empfangen: {'found': True, 'value': '9312345678907', 'type': 'EAN13', 'image_index': 3, 'cropped_image': array([[[ 16,  10,  10],
        [ 15,  11,  10],
        [ 15,  11,  10],
        ...,
        [ 25,  25,  34],
        [ 25,  25,  34],
        [ 26,  26,  35]],

       [[ 16,  10,  10],
        [ 15,  11,  10],
        [ 15,  11,  10],
        ...,
        [ 25,  25,  34],
        [ 25,  25,  34],
        [ 25,  25,  34]],

       [[ 16,  10,  12],
        [ 16,  10,  10],
        [ 16,  10,  10],
        ...,
        [ 24,  24,  33],
        [ 25,  25,  36],
        [ 26,  26,  37]],

       ...,

       [[ 16,  12,  11],
        [ 18,  14,  13],
        [ 18,  14,  13],
        ...,
        [127, 139, 160],
        [129, 138, 160],
        [130, 139, 161]],

       [[ 16,  12,  11],
        [ 18,  14,  13],
        [ 18,  14,  13],
        ...,
        [127, 139, 160],
        [130, 139, 161],
        [131, 140, 162]],

       [[ 16,  12,  11],
        [ 18,  14,  13],
        [ 18,  14,  13],
        ...,
        [128, 141, 159],
        [130, 139, 161],
        [130, 139, 161]]], dtype=uint8)}
2026-01-04 14:24:11,152 - __main__ - INFO - Barcode gespeichert: 9312345678907
2026-01-04 14:24:11,152 - __main__ - INFO - YOLO-Frames vorhanden - aktualisiere Bilder in GUI
2026-01-04 14:24:11,955 - __main__ - INFO - Bild 2: YOLO erkannt - 67 x 148
2026-01-04 14:24:11,956 - __main__ - INFO - Verarbeite Bild 3 für YOLO-Erkennung
2026-01-04 14:24:13,804 - __main__ - INFO - Bild 3: YOLO erkannt - 67 x 150
2026-01-04 14:24:13,805 - __main__ - INFO - YOLO-Erkennung abgeschlossen. Dimensionen: ['65 x 148', '67 x 148', '67 x 148', '67 x 150']
2026-01-04 14:24:13,805 - __main__ - INFO - Ergebnis von Abmessung erhalten: Typ=<class 'list'>
2026-01-04 14:24:13,806 - __main__ - INFO - Abmessungen erhalten: ['65 x 148', '67 x 148', '67 x 148', '67 x 150']
2026-01-04 14:24:13,806 - __main__ - INFO - Gesamt-Abmessung berechnet: 65 x 65 x 148
2026-01-04 14:24:13,806 - __main__ - INFO - YOLO-Frames vorhanden - aktualisiere Bilder in GUI
2026-01-04 14:24:13,856 - __main__ - INFO - Ergebnis von yolo_frames erhalten: Typ=<class 'list'>
2026-01-04 14:24:13,856 - __main__ - INFO - Erhalte 4 annotierte Frames
2026-01-04 14:24:13,856 - __main__ - INFO - YOLO-Frames vorhanden - aktualisiere Bilder in GUI
2026-01-04 14:24:13,907 - __main__ - INFO - Alle Tasks fertig
2026-01-04 14:24:15,577 - __main__ - INFO - go_next: Aktuelle Seite 2, scan_start=False
2026-01-04 14:24:16,904 - __main__ - INFO - go_back: Aktuelle Seite 3, scan_start=False
2026-01-04 14:24:17,167 - __main__ - INFO - go_back: Aktuelle Seite 2, scan_start=False
2026-01-04 14:24:17,167 - __main__ - INFO - Zurück zur Foto-Auswahl: scan_start=True gesetzt
2026-01-04 14:24:20,192 - __main__ - INFO - Wiederhole Bild 2
2026-01-04 14:24:20,192 - __main__ - WARNING - Kamera 1 nicht verfügbar
2026-01-04 14:24:21,224 - __main__ - INFO - Wiederhole Bild 4
2026-01-04 14:24:21,224 - __main__ - WARNING - Kamera 3 nicht verfügbar
2026-01-04 14:24:21,736 - __main__ - INFO - Wiederhole Bild 3
2026-01-04 14:24:21,736 - __main__ - WARNING - Kamera 2 nicht verfügbar
2026-01-04 14:24:23,964 - __main__ - INFO - Wiederhole Bild 1
2026-01-04 14:24:25,247 - __main__ - INFO - Bild erfolgreich von Kamera 0 aufgenommen
2026-01-04 14:24:31,958 - __main__ - INFO - Wiederhole Bild 1
2026-01-04 14:24:33,196 - __main__ - INFO - Bild erfolgreich von Kamera 0 aufgenommen
2026-01-04 14:24:34,142 - __main__ - INFO - Wiederhole Bild 1
2026-01-04 14:24:35,364 - __main__ - INFO - Bild erfolgreich von Kamera 0 aufgenommen
2026-01-04 14:24:36,289 - __main__ - INFO - Wiederhole Bild 1
2026-01-04 14:24:37,431 - __main__ - INFO - Bild erfolgreich von Kamera 0 aufgenommen
2026-01-04 14:24:39,446 - __main__ - INFO - Wiederhole Bild 1
2026-01-04 14:24:40,586 - __main__ - INFO - Bild erfolgreich von Kamera 0 aufgenommen
2026-01-04 14:24:43,849 - __main__ - INFO - go_next: Aktuelle Seite 1, scan_start=True
2026-01-04 14:24:43,852 - __main__ - INFO - BoundingBox_Yolo03 erfolgreich importiert
2026-01-04 14:24:43,853 - __main__ - INFO - Verarbeite Bild 0 für YOLO-Erkennung
2026-01-04 14:24:43,869 - __main__ - ERROR - Gewichtsmodul nicht verfügbar: No module named 'board'
2026-01-04 14:24:43,884 - __main__ - INFO - Ergebnis von weight erhalten: Typ=<class 'str'>
2026-01-04 14:24:43,885 - __main__ - INFO - Gewicht: Undefiniert
2026-01-04 14:24:43,888 - __main__ - INFO - YOLO-Frames vorhanden - aktualisiere Bilder in GUI
2026-01-04 14:24:44,095 - workers.BarCode_v02 - INFO - YOLO-Modell geladen von models/YOLOV8s_Barcode_Detection.pt
2026-01-04 14:24:44,095 - __main__ - INFO - Analysiere Bild 0 (iso_Bild) auf Barcodes...
2026-01-04 14:24:44,533 - workers.BarCode_v02 - INFO - Barcode erkannt in Bild 0: 0123456789012 (Typ: EAN13)
2026-01-04 14:24:44,533 - workers.BarCode_v02 - INFO - Bild 0: 1 Barcode(s) erkannt
2026-01-04 14:24:44,534 - __main__ - INFO - Bild 0: 1 Barcode(s) erkannt
2026-01-04 14:24:44,534 - __main__ - INFO - Analysiere Bild 1 (top_Bild) auf Barcodes...
2026-01-04 14:24:45,982 - __main__ - INFO - Bild 0: YOLO erkannt - 314 x 186
2026-01-04 14:24:45,983 - __main__ - INFO - Verarbeite Bild 1 für YOLO-Erkennung
2026-01-04 14:24:47,841 - __main__ - WARNING - Bild 1: Keine Boxen erkannt
2026-01-04 14:24:47,841 - __main__ - INFO - Verarbeite Bild 2 für YOLO-Erkennung
2026-01-04 14:24:49,719 - __main__ - WARNING - Bild 2: Keine Boxen erkannt
2026-01-04 14:24:49,720 - __main__ - INFO - Verarbeite Bild 3 für YOLO-Erkennung
2026-01-04 14:24:51,608 - __main__ - WARNING - Bild 3: Keine Boxen erkannt
2026-01-04 14:24:51,609 - __main__ - INFO - YOLO-Erkennung abgeschlossen. Dimensionen: ['314 x 186', '0 x 0', '0 x 0', '0 x 0']
2026-01-04 14:24:51,609 - __main__ - INFO - Ergebnis von Abmessung erhalten: Typ=<class 'list'>
2026-01-04 14:24:51,609 - __main__ - INFO - Abmessungen erhalten: ['314 x 186', '0 x 0', '0 x 0', '0 x 0']
2026-01-04 14:24:51,609 - __main__ - INFO - Gesamt-Abmessung berechnet: 314 x 314 x 186
2026-01-04 14:24:51,610 - __main__ - INFO - YOLO-Frames vorhanden - aktualisiere Bilder in GUI
2026-01-04 14:24:51,661 - __main__ - INFO - Ergebnis von yolo_frames erhalten: Typ=<class 'list'>
2026-01-04 14:24:51,661 - __main__ - INFO - Erhalte 4 annotierte Frames
2026-01-04 14:24:51,662 - __main__ - INFO - YOLO-Frames vorhanden - aktualisiere Bilder in GUI
2026-01-04 14:24:55,107 - workers.BarCode_v02 - INFO - Bild 1: 0 Barcode(s) erkannt
2026-01-04 14:24:55,107 - __main__ - INFO - Bild 1: Keine Barcodes erkannt
2026-01-04 14:24:55,107 - __main__ - INFO - Analysiere Bild 2 (right_Bild) auf Barcodes...
2026-01-04 14:25:01,614 - workers.BarCode_v02 - INFO - Bild 2: 0 Barcode(s) erkannt
2026-01-04 14:25:01,615 - __main__ - INFO - Bild 2: Keine Barcodes erkannt
2026-01-04 14:25:01,615 - __main__ - INFO - Analysiere Bild 3 (behind_Bild) auf Barcodes...
2026-01-04 14:25:08,073 - workers.BarCode_v02 - INFO - Bild 3: 0 Barcode(s) erkannt
2026-01-04 14:25:08,075 - __main__ - INFO - Bild 3: Keine Barcodes erkannt
2026-01-04 14:25:08,075 - __main__ - INFO - Insgesamt 1 Barcodes in 4 Bildern erkannt
2026-01-04 14:25:08,075 - __main__ - INFO - Ergebnis von barcode erhalten: Typ=<class 'dict'>
2026-01-04 14:25:08,076 - __main__ - INFO - Barcode-Daten empfangen: {'found': True, 'value': '0123456789012', 'type': 'EAN13', 'image_index': 0, 'cropped_image': array([[[152, 164, 169],
        [152, 164, 169],
        [152, 164, 169],
        ...,
        [184, 192, 200],
        [184, 192, 200],
        [184, 192, 200]],

       [[152, 164, 169],
        [152, 164, 169],
        [152, 164, 169],
        ...,
        [184, 192, 200],
        [184, 192, 200],
        [184, 192, 200]],

       [[153, 165, 170],
        [153, 165, 170],
        [153, 165, 170],
        ...,
        [184, 192, 200],
        [184, 192, 200],
        [184, 192, 200]],

       ...,

       [[ 89,  98,  93],
        [103, 112, 107],
        [145, 156, 154],
        ...,
        [193, 192, 206],
        [193, 191, 210],
        [192, 190, 209]],

       [[ 91,  97,  95],
        [108, 114, 112],
        [149, 158, 159],
        ...,
        [193, 192, 208],
        [193, 192, 208],
        [193, 192, 208]],

       [[ 91,  97,  95],
        [111, 117, 115],
        [152, 161, 162],
        ...,
        [193, 192, 208],
        [193, 192, 208],
        [193, 192, 208]]], dtype=uint8)}
2026-01-04 14:25:08,076 - __main__ - INFO - Barcode gespeichert: 0123456789012
2026-01-04 14:25:08,076 - __main__ - INFO - YOLO-Frames vorhanden - aktualisiere Bilder in GUI
2026-01-04 14:25:08,118 - __main__ - INFO - Alle Tasks fertig
2026-01-04 14:25:11,479 - __main__ - INFO - go_next: Aktuelle Seite 2, scan_start=False
2026-01-04 14:25:18,676 - __main__ - INFO - Füge neues Barcode-Feld hinzu
