Removed Pin From Net: NetName=GND Pin=Versrorgung-1
Removed Pin From Net: NetName=+5V Pin=Versrorgung-3
Change Component Footprint: Designator=LED1 Old Footprint=691252710003 New Footprint=691216710003
Change Component Footprint: Designator=LED2 Old Footprint=691252710003 New Footprint=691216710003
Change Component Comment : Designator=LED1 Old Comment=691252710003 New Comment=691216710003
Change Component Comment : Designator=LED2 Old Comment=691252710003 New Comment=691216710003
Change component parameters: Designator = "LED1" ("LED1"); Footprint = "691252710003"; UniqueID = "\VPRTAQTG" ("\VPRTAQTG")
Change component parameters (AddParameter): Name = "Check_prices"; Value = "https://www.snapeda.com/parts/691216710003/W%25C3%25BCrth+Elektronik+Midcom/view-part/?ref=eda"; VariantName = "[No Variations]"
Change component parameters (AddParameter): Name = "MF"; Value = "Würth Elektronik"; VariantName = "[No Variations]"
Change component parameters (AddParameter): Name = "MP"; Value = "691216710003"; VariantName = "[No Variations]"
Change component parameters (AddParameter): Name = "Package"; Value = "None"; VariantName = "[No Variations]"
Change component parameters (AddParameter): Name = "SnapEDA_Link"; Value = "https://www.snapeda.com/parts/691216710003/W%25C3%25BCrth+Elektronik+Midcom/view-part/?ref=snap"; VariantName = "[No Variations]"
Change component parameters (AddParameter): Name = "Value"; Value = ""; VariantName = "[No Variations]"
Change component parameters: Designator = "LED2" ("LED2"); Footprint = "691252710003"; UniqueID = "\DYXBXMDE" ("\DYXBXMDE")
Change component parameters (AddParameter): Name = "Check_prices"; Value = "https://www.snapeda.com/parts/691216710003/W%25C3%25BCrth+Elektronik+Midcom/view-part/?ref=eda"; VariantName = "[No Variations]"
Change component parameters (AddParameter): Name = "MF"; Value = "Würth Elektronik"; VariantName = "[No Variations]"
Change component parameters (AddParameter): Name = "MP"; Value = "691216710003"; VariantName = "[No Variations]"
Change component parameters (AddParameter): Name = "Package"; Value = "None"; VariantName = "[No Variations]"
Change component parameters (AddParameter): Name = "SnapEDA_Link"; Value = "https://www.snapeda.com/parts/691216710003/W%25C3%25BCrth+Elektronik+Midcom/view-part/?ref=snap"; VariantName = "[No Variations]"
Change component parameters (AddParameter): Name = "Value"; Value = ""; VariantName = "[No Variations]"
Added Pin To Net: NetName=+5V Pin=Versrorgung-1
Added Pin To Net: NetName=GND Pin=Versrorgung-3
