Removed Pin From Net: NetName=DRDY1 Pin=DRDY-1
Removed Pin From Net: NetName=DRDY2 Pin=DRDY-2
Removed Pin From Net: NetName=DRDY3 Pin=DRDY-3
Removed Pin From Net: NetName=SCL Pin=I2C-1
Removed Pin From Net: NetName=SDA Pin=I2C-2
Removed Pin From Net: NetName=+5V Pin=V_5V-1
Removed Pin From Net: NetName=+5V Pin=V_5V-2
Removed Pin From Net: NetName=+5V Pin=V_5V-3
Removed Pin From Net: NetName=+5V Pin=V_5V-4
Removed Pin From Net: NetName=GND_MOS_5V Pin=V_GND-1
Removed Pin From Net: NetName=GND_MOS_5V Pin=V_GND-2
Removed Pin From Net: NetName=GND_MOS_5V Pin=V_GND-3
Removed Pin From Net: NetName=GND_MOS_5V Pin=V_GND-4
Removed Member From Class: ClassName=PCB_Schematic Member=DRDY
Removed Member From Class: ClassName=PCB_Schematic Member=I2C
Removed Member From Class: ClassName=PCB_Schematic Member=V_5V
Removed Member From Class: ClassName=PCB_Schematic Member=V_GND
Change Component Comment : Designator=Versorgung Old Comment=Header 6 New Comment=Aditional Pins
Change Component Comment : Designator=RPI1 Old Comment=Header 20X2 New Comment=Raspberry Pi 5
Change Component Designator: OldDesignator=Versorgung NewDesignator=Versorgung_Test
Added Component: Designator=ADC1(HDR1X6)
Add component (AddParameter): Name = "LatestRevisionDate"; Value = "17-Jul-2002"; VariantName = "[No Variations]"
Add component (AddParameter): Name = "LatestRevisionNote"; Value = "Re-released for DXP Platform."; VariantName = "[No Variations]"
Add component (AddParameter): Name = "Publisher"; Value = "Altium Limited"; VariantName = "[No Variations]"
Added Component: Designator=ADC2(HDR1X6)
Add component (AddParameter): Name = "LatestRevisionDate"; Value = "17-Jul-2002"; VariantName = "[No Variations]"
Add component (AddParameter): Name = "LatestRevisionNote"; Value = "Re-released for DXP Platform."; VariantName = "[No Variations]"
Add component (AddParameter): Name = "Publisher"; Value = "Altium Limited"; VariantName = "[No Variations]"
Added Component: Designator=ADC3(HDR1X6)
Add component (AddParameter): Name = "LatestRevisionDate"; Value = "17-Jul-2002"; VariantName = "[No Variations]"
Add component (AddParameter): Name = "LatestRevisionNote"; Value = "Re-released for DXP Platform."; VariantName = "[No Variations]"
Add component (AddParameter): Name = "Publisher"; Value = "Altium Limited"; VariantName = "[No Variations]"
Added Component: Designator=I2CMUX(MODULE_2717)
Add component (AddParameter): Name = "Check_prices"; Value = "https://www.snapeda.com/parts/2717/Adafruit+Industries/view-part/?ref=eda"; VariantName = "[No Variations]"
Add component (AddParameter): Name = "MF"; Value = "Adafruit"; VariantName = "[No Variations]"
Add component (AddParameter): Name = "MP"; Value = "2717"; VariantName = "[No Variations]"
Add component (AddParameter): Name = "Package"; Value = "None"; VariantName = "[No Variations]"
Add component (AddParameter): Name = "SnapEDA_Link"; Value = "https://www.snapeda.com/parts/2717/Adafruit+Industries/view-part/?ref=snap"; VariantName = "[No Variations]"
Add component (AddParameter): Name = "Value"; Value = ""; VariantName = "[No Variations]"
Added Pin To Net: NetName=+5V Pin=ADC1-1
Added Pin To Net: NetName=GND_MOS_5V Pin=ADC1-3
Added Pin To Net: NetName=DRDY1 Pin=ADC1-6
Added Pin To Net: NetName=+5V Pin=ADC2-1
Added Pin To Net: NetName=GND_MOS_5V Pin=ADC2-3
Added Pin To Net: NetName=DRDY2 Pin=ADC2-6
Added Pin To Net: NetName=+5V Pin=ADC3-1
Added Pin To Net: NetName=GND_MOS_5V Pin=ADC3-3
Added Pin To Net: NetName=DRDY3 Pin=ADC3-6
Added Pin To Net: NetName=+5V Pin=I2CMUX-1
Added Pin To Net: NetName=GND_MOS_5V Pin=I2CMUX-2
Added Pin To Net: NetName=SDA Pin=I2CMUX-3
Added Pin To Net: NetName=SCL Pin=I2CMUX-4
Added Pin To Net: NetName=SCL1 Pin=ADC1-4
Added Pin To Net: NetName=SCL1 Pin=I2CMUX-10
Added Net: Name=SCL1
Added Pin To Net: NetName=SCL2 Pin=ADC2-4
Added Pin To Net: NetName=SCL2 Pin=I2CMUX-12
Added Net: Name=SCL2
Added Pin To Net: NetName=SCL3 Pin=ADC3-4
Added Pin To Net: NetName=SCL3 Pin=I2CMUX-14
Added Net: Name=SCL3
Added Pin To Net: NetName=SDA1 Pin=ADC1-5
Added Pin To Net: NetName=SDA1 Pin=I2CMUX-9
Added Net: Name=SDA1
Added Pin To Net: NetName=SDA2 Pin=ADC2-5
Added Pin To Net: NetName=SDA2 Pin=I2CMUX-11
Added Net: Name=SDA2
Added Pin To Net: NetName=SDA3 Pin=ADC3-5
Added Pin To Net: NetName=SDA3 Pin=I2CMUX-13
Added Net: Name=SDA3
Added Member To Class: ClassName=PCB_Schematic Member=Component ADC1 NAU7802
Added Member To Class: ClassName=PCB_Schematic Member=Component ADC2 NAU7802
Added Member To Class: ClassName=PCB_Schematic Member=Component ADC3 NAU7802
Added Member To Class: ClassName=PCB_Schematic Member=Component I2CMUX PCA9548A
Added Member To Class: ClassName=PCB_Schematic Member=Component Versorgung_Test Aditional Pins
Added Rule: Name=Schematic Supply Nets_13
Added Rule: Name=Schematic Supply Nets_14
Added Rule: Name=Schematic Supply Nets_15
Added Rule: Name=Schematic Supply Nets_16
Added Rule: Name=Schematic Supply Nets_17
Added Rule: Name=Schematic Supply Nets_18
