2026-01-04 12:52:33,118 - __main__ - INFO - 3D-Scanner wird gestartet...
2026-01-04 12:52:34,846 - __main__ - INFO - Verfügbare Kameras gefunden: [0]
2026-01-04 12:52:37,200 - __main__ - INFO - go_next: Aktuelle Seite 0, scan_start=False
2026-01-04 12:52:37,201 - __main__ - INFO - Starte Bildaufnahme von allen Kameras
2026-01-04 12:52:38,620 - __main__ - INFO - Bild erfolgreich von Kamera 0 aufgenommen
2026-01-04 12:52:39,821 - __main__ - INFO - Bild erfolgreich von Kamera 0 aufgenommen
2026-01-04 12:52:40,986 - __main__ - INFO - Bild erfolgreich von Kamera 0 aufgenommen
2026-01-04 12:52:42,125 - __main__ - INFO - Bild erfolgreich von Kamera 0 aufgenommen
2026-01-04 12:52:44,111 - __main__ - INFO - go_next: Aktuelle Seite 1, scan_start=True
2026-01-04 12:52:44,150 - __main__ - ERROR - Gewichtsmodul nicht verfügbar: No module named 'board'
2026-01-04 12:52:44,151 - __main__ - INFO - Ergebnis von weight erhalten: Typ=<class 'str'>
2026-01-04 12:52:44,151 - __main__ - INFO - Gewicht: Undefiniert
2026-01-04 12:52:44,151 - __main__ - INFO - Barcodes vorhanden - aktualisiere GUI
2026-01-04 12:52:48,419 - __main__ - INFO - Sprache geändert zu: it
2026-01-04 12:52:48,626 - workers.BarCode_v02 - ERROR - Fehler beim Laden des YOLO-Modells: [Errno 2] No such file or directory: 'YOLOV8s_Barcode_Detection.pt'
2026-01-04 12:52:48,626 - __main__ - INFO - Analysiere Bild 0 (iso_Bild) auf Barcodes...
2026-01-04 12:52:48,626 - workers.BarCode_v02 - ERROR - YOLO-Modell nicht verfügbar
2026-01-04 12:52:48,626 - __main__ - INFO - Bild 0: Keine Barcodes erkannt
2026-01-04 12:52:48,626 - __main__ - INFO - Analysiere Bild 1 (top_Bild) auf Barcodes...
2026-01-04 12:52:48,626 - workers.BarCode_v02 - ERROR - YOLO-Modell nicht verfügbar
2026-01-04 12:52:48,627 - __main__ - INFO - Bild 1: Keine Barcodes erkannt
2026-01-04 12:52:48,627 - __main__ - INFO - Analysiere Bild 2 (right_Bild) auf Barcodes...
2026-01-04 12:52:48,627 - workers.BarCode_v02 - ERROR - YOLO-Modell nicht verfügbar
2026-01-04 12:52:48,627 - __main__ - INFO - Bild 2: Keine Barcodes erkannt
2026-01-04 12:52:48,627 - __main__ - INFO - Analysiere Bild 3 (behind_Bild) auf Barcodes...
2026-01-04 12:52:48,627 - workers.BarCode_v02 - ERROR - YOLO-Modell nicht verfügbar
2026-01-04 12:52:48,627 - __main__ - INFO - Bild 3: Keine Barcodes erkannt
2026-01-04 12:52:48,627 - __main__ - INFO - Insgesamt 0 Barcodes in 4 Bildern erkannt
2026-01-04 12:52:49,790 - __main__ - INFO - go_next: Aktuelle Seite 1, scan_start=True
2026-01-04 12:52:49,803 - __main__ - ERROR - Gewichtsmodul nicht verfügbar: No module named 'board'
2026-01-04 12:52:49,807 - __main__ - INFO - Ergebnis von weight erhalten: Typ=<class 'str'>
2026-01-04 12:52:49,807 - __main__ - INFO - Gewicht: Undefiniert
2026-01-04 12:52:49,807 - __main__ - INFO - Barcodes vorhanden - aktualisiere GUI
2026-01-04 12:52:50,190 - workers.BarCode_v02 - ERROR - Fehler beim Laden des YOLO-Modells: [Errno 2] No such file or directory: 'YOLOV8s_Barcode_Detection.pt'
2026-01-04 12:52:50,190 - __main__ - INFO - Analysiere Bild 0 (iso_Bild) auf Barcodes...
2026-01-04 12:52:50,190 - workers.BarCode_v02 - ERROR - YOLO-Modell nicht verfügbar
2026-01-04 12:52:50,190 - __main__ - INFO - Bild 0: Keine Barcodes erkannt
2026-01-04 12:52:50,192 - __main__ - INFO - Analysiere Bild 1 (top_Bild) auf Barcodes...
2026-01-04 12:52:50,192 - workers.BarCode_v02 - ERROR - YOLO-Modell nicht verfügbar
2026-01-04 12:52:50,192 - __main__ - INFO - Bild 1: Keine Barcodes erkannt
2026-01-04 12:52:50,192 - __main__ - INFO - Analysiere Bild 2 (right_Bild) auf Barcodes...
2026-01-04 12:52:50,192 - workers.BarCode_v02 - ERROR - YOLO-Modell nicht verfügbar
2026-01-04 12:52:50,192 - __main__ - INFO - Bild 2: Keine Barcodes erkannt
2026-01-04 12:52:50,193 - __main__ - INFO - Analysiere Bild 3 (behind_Bild) auf Barcodes...
2026-01-04 12:52:50,193 - workers.BarCode_v02 - ERROR - YOLO-Modell nicht verfügbar
2026-01-04 12:52:50,193 - __main__ - INFO - Bild 3: Keine Barcodes erkannt
2026-01-04 12:52:50,193 - __main__ - INFO - Insgesamt 0 Barcodes in 4 Bildern erkannt
2026-01-04 12:53:20,201 - __main__ - INFO - BoundingBox_Yolo03 erfolgreich importiert
2026-01-04 12:53:20,201 - __main__ - INFO - BoundingBox_Yolo03 erfolgreich importiert
2026-01-04 12:53:20,201 - __main__ - INFO - Verarbeite Bild 0 für YOLO-Erkennung
2026-01-04 12:53:20,201 - __main__ - INFO - Verarbeite Bild 0 für YOLO-Erkennung
2026-01-04 12:53:20,250 - __main__ - ERROR - Fehler bei YOLO-Erkennung Bild 0: bn
Traceback (most recent call last):
  File "c:\Users\grane\Felix_Schule\Diplomarbeit\3D_Scanner\Python_Files\_Prototyp_exe\Interface_v08.py", line 337, in run_yolo_detection
    boxes_info = yolo_module.get_boxes_and_dimensions(frame_rgb)
  File "c:\Users\grane\Felix_Schule\Diplomarbeit\3D_Scanner\Python_Files\_Prototyp_exe\workers\BoundingBox_Yolo03.py", line 17, in get_boxes_and_dimensions
    results = model.predict(frame, imgsz=imgsz)[0]
  File "C:\Users\grane\AppData\Local\Programs\Python\Python310\lib\site-packages\ultralytics\engine\model.py", line 550, in predict
    self.predictor.setup_model(model=self.model, verbose=is_cli)
  File "C:\Users\grane\AppData\Local\Programs\Python\Python310\lib\site-packages\ultralytics\engine\predictor.py", line 397, in setup_model
    self.model = AutoBackend(
  File "C:\Users\grane\AppData\Local\Programs\Python\Python310\lib\site-packages\torch\utils\_contextlib.py", line 120, in decorate_context
    return func(*args, **kwargs)
  File "C:\Users\grane\AppData\Local\Programs\Python\Python310\lib\site-packages\ultralytics\nn\autobackend.py", line 203, in __init__
    model = model.fuse(verbose=verbose)
  File "C:\Users\grane\AppData\Local\Programs\Python\Python310\lib\site-packages\ultralytics\nn\tasks.py", line 238, in fuse
    delattr(m, "bn")  # remove batchnorm
  File "C:\Users\grane\AppData\Local\Programs\Python\Python310\lib\site-packages\torch\nn\modules\module.py", line 2077, in __delattr__
    super().__delattr__(name)
AttributeError: bn
2026-01-04 12:53:20,416 - __main__ - INFO - Verarbeite Bild 1 für YOLO-Erkennung
2026-01-04 12:53:24,307 - __main__ - INFO - Bild 0: YOLO erkannt - 339 x 310
2026-01-04 12:53:24,318 - __main__ - INFO - Verarbeite Bild 1 für YOLO-Erkennung
2026-01-04 12:53:26,318 - __main__ - INFO - Bild 1: YOLO erkannt - 405 x 325
2026-01-04 12:53:26,319 - __main__ - INFO - Verarbeite Bild 2 für YOLO-Erkennung
2026-01-04 12:53:28,205 - __main__ - INFO - Bild 1: YOLO erkannt - 405 x 325
2026-01-04 12:53:28,207 - __main__ - INFO - Verarbeite Bild 2 für YOLO-Erkennung
2026-01-04 12:53:30,029 - __main__ - INFO - Bild 2: YOLO erkannt - 340 x 346
2026-01-04 12:53:30,030 - __main__ - INFO - Verarbeite Bild 3 für YOLO-Erkennung
2026-01-04 12:53:31,865 - __main__ - INFO - Bild 2: YOLO erkannt - 340 x 346
2026-01-04 12:53:31,866 - __main__ - INFO - Verarbeite Bild 3 für YOLO-Erkennung
2026-01-04 12:53:33,740 - __main__ - INFO - Bild 3: YOLO erkannt - 321 x 296
2026-01-04 12:53:33,741 - __main__ - INFO - YOLO-Erkennung abgeschlossen. Dimensionen: ['0 x 0', '405 x 325', '340 x 346', '321 x 296']
2026-01-04 12:53:33,742 - __main__ - INFO - Ergebnis von Abmessung erhalten: Typ=<class 'list'>
2026-01-04 12:53:33,742 - __main__ - INFO - Abmessungen erhalten: ['0 x 0', '405 x 325', '340 x 346', '321 x 296']
2026-01-04 12:53:33,743 - __main__ - INFO - Gesamt-Abmessung berechnet: 405 x 405 x 325
2026-01-04 12:53:33,743 - __main__ - INFO - Barcodes vorhanden - aktualisiere GUI
2026-01-04 12:53:33,909 - __main__ - INFO - Ergebnis von yolo_frames erhalten: Typ=<class 'list'>
2026-01-04 12:53:33,911 - __main__ - INFO - Erhalte 4 annotierte Frames
2026-01-04 12:53:33,912 - __main__ - INFO - YOLO-Frames vorhanden - aktualisiere Bilder in GUI
2026-01-04 12:53:34,072 - __main__ - INFO - Alle Tasks fertig
2026-01-04 12:53:35,751 - __main__ - INFO - Bild 3: YOLO erkannt - 321 x 296
2026-01-04 12:53:35,752 - __main__ - INFO - YOLO-Erkennung abgeschlossen. Dimensionen: ['339 x 310', '405 x 325', '340 x 346', '321 x 296']
2026-01-04 12:53:42,800 - __main__ - INFO - go_next: Aktuelle Seite 2, scan_start=False
2026-01-04 12:53:48,135 - __main__ - INFO - Daten gespeichert: 0 EANs, 0 Artikelnummern
2026-01-04 13:01:39,476 - __main__ - INFO - 3D-Scanner wird gestartet...
2026-01-04 13:01:40,676 - __main__ - INFO - Verfügbare Kameras gefunden: [0]
2026-01-04 13:01:41,817 - __main__ - INFO - go_next: Aktuelle Seite 0, scan_start=False
2026-01-04 13:01:41,817 - __main__ - INFO - Starte Bildaufnahme von allen Kameras
2026-01-04 13:01:43,022 - __main__ - INFO - Bild erfolgreich von Kamera 0 aufgenommen
2026-01-04 13:01:44,173 - __main__ - INFO - Bild erfolgreich von Kamera 0 aufgenommen
2026-01-04 13:01:45,313 - __main__ - INFO - Bild erfolgreich von Kamera 0 aufgenommen
2026-01-04 13:01:46,526 - __main__ - INFO - Bild erfolgreich von Kamera 0 aufgenommen
2026-01-04 13:01:47,632 - __main__ - INFO - go_next: Aktuelle Seite 1, scan_start=True
2026-01-04 13:01:47,650 - __main__ - ERROR - Gewichtsmodul nicht verfügbar: No module named 'board'
2026-01-04 13:01:47,651 - __main__ - INFO - Ergebnis von weight erhalten: Typ=<class 'str'>
2026-01-04 13:01:47,651 - __main__ - INFO - Gewicht: Undefiniert
2026-01-04 13:01:47,652 - __main__ - INFO - Barcodes vorhanden - aktualisiere GUI
2026-01-04 13:01:49,621 - __main__ - INFO - BoundingBox_Yolo03 erfolgreich importiert
2026-01-04 13:01:49,623 - __main__ - INFO - Verarbeite Bild 0 für YOLO-Erkennung
2026-01-04 13:01:50,069 - workers.BarCode_v02 - ERROR - Fehler beim Laden des YOLO-Modells: [Errno 2] No such file or directory: 'YOLOV8s_Barcode_Detection.pt'
2026-01-04 13:01:50,070 - __main__ - INFO - Analysiere Bild 0 (iso_Bild) auf Barcodes...
2026-01-04 13:01:50,071 - workers.BarCode_v02 - ERROR - YOLO-Modell nicht verfügbar
2026-01-04 13:01:50,071 - __main__ - INFO - Bild 0: Keine Barcodes erkannt
2026-01-04 13:01:50,071 - __main__ - INFO - Analysiere Bild 1 (top_Bild) auf Barcodes...
2026-01-04 13:01:50,071 - workers.BarCode_v02 - ERROR - YOLO-Modell nicht verfügbar
2026-01-04 13:01:50,072 - __main__ - INFO - Bild 1: Keine Barcodes erkannt
2026-01-04 13:01:50,072 - __main__ - INFO - Analysiere Bild 2 (right_Bild) auf Barcodes...
2026-01-04 13:01:50,072 - workers.BarCode_v02 - ERROR - YOLO-Modell nicht verfügbar
2026-01-04 13:01:50,072 - __main__ - INFO - Bild 2: Keine Barcodes erkannt
2026-01-04 13:01:50,073 - __main__ - INFO - Analysiere Bild 3 (behind_Bild) auf Barcodes...
2026-01-04 13:01:50,073 - workers.BarCode_v02 - ERROR - YOLO-Modell nicht verfügbar
2026-01-04 13:01:50,073 - __main__ - INFO - Bild 3: Keine Barcodes erkannt
2026-01-04 13:01:50,073 - __main__ - INFO - Insgesamt 0 Barcodes in 4 Bildern erkannt
2026-01-04 13:01:51,696 - __main__ - INFO - Bild 0: YOLO erkannt - 342 x 239
2026-01-04 13:01:51,697 - __main__ - INFO - Verarbeite Bild 1 für YOLO-Erkennung
2026-01-04 13:01:53,540 - __main__ - INFO - Bild 1: YOLO erkannt - 399 x 317
2026-01-04 13:01:53,541 - __main__ - INFO - Verarbeite Bild 2 für YOLO-Erkennung
2026-01-04 13:01:55,405 - __main__ - INFO - Bild 2: YOLO erkannt - 399 x 317
2026-01-04 13:01:55,406 - __main__ - INFO - Verarbeite Bild 3 für YOLO-Erkennung
2026-01-04 13:01:57,264 - __main__ - INFO - Bild 3: YOLO erkannt - 400 x 317
2026-01-04 13:01:57,264 - __main__ - INFO - YOLO-Erkennung abgeschlossen. Dimensionen: ['342 x 239', '399 x 317', '399 x 317', '400 x 317']
2026-01-04 13:01:57,266 - __main__ - INFO - Ergebnis von Abmessung erhalten: Typ=<class 'list'>
2026-01-04 13:01:57,266 - __main__ - INFO - Abmessungen erhalten: ['342 x 239', '399 x 317', '399 x 317', '400 x 317']
2026-01-04 13:01:57,266 - __main__ - INFO - Gesamt-Abmessung berechnet: 342 x 342 x 239
2026-01-04 13:01:57,266 - __main__ - INFO - Barcodes vorhanden - aktualisiere GUI
2026-01-04 13:01:57,326 - __main__ - INFO - Ergebnis von yolo_frames erhalten: Typ=<class 'list'>
2026-01-04 13:01:57,326 - __main__ - INFO - Erhalte 4 annotierte Frames
2026-01-04 13:01:57,327 - __main__ - INFO - YOLO-Frames vorhanden - aktualisiere Bilder in GUI
2026-01-04 13:01:57,384 - __main__ - INFO - Alle Tasks fertig
2026-01-04 13:01:59,761 - __main__ - INFO - go_next: Aktuelle Seite 2, scan_start=False
